<?xml version="1.0" encoding="UTF-8"?>
<!-- Generated by org.testng.reporters.JUnitXMLReporter -->
<testsuite hostname="SatishSathya" ignored="0" name="BankingApp Test" tests="2" failures="0" timestamp="2020-02-01T17:37:13 IST" time="46.891" errors="0">
  <testcase name="loginTest" time="2.135" classname="com.inetbanking.testcase.TC_LoginTest_001"/>
  <testcase name="AddNewCustomer" time="14.935" classname="com.inetbanking.testcase.TC_AddCustomerTest_003"/>
</testsuite> <!-- BankingApp Test -->
